{"/media/oclock/src/spe_React/Spe-React-E16-oRecipes-cecileb-oclock/src/actions/recipes.js": {"path":"/media/oclock/src/spe_React/Spe-React-E16-oRecipes-cecileb-oclock/src/actions/recipes.js","statementMap":{"0":{"start":{"line":1,"column":29},"end":{"line":1,"column":44}},"1":{"start":{"line":2,"column":28},"end":{"line":2,"column":42}},"2":{"start":{"line":4,"column":28},"end":{"line":6,"column":2}},"3":{"start":{"line":4,"column":35},"end":{"line":6,"column":1}},"4":{"start":{"line":8,"column":27},"end":{"line":11,"column":2}},"5":{"start":{"line":8,"column":41},"end":{"line":11,"column":1}}},"fnMap":{"0":{"name":"(anonymous_0)","decl":{"start":{"line":4,"column":28},"end":{"line":4,"column":29}},"loc":{"start":{"line":4,"column":35},"end":{"line":6,"column":1}},"line":4},"1":{"name":"(anonymous_1)","decl":{"start":{"line":8,"column":27},"end":{"line":8,"column":28}},"loc":{"start":{"line":8,"column":41},"end":{"line":11,"column":1}},"line":8}},"branchMap":{},"s":{"0":1,"1":1,"2":1,"3":0,"4":1,"5":1},"f":{"0":0,"1":1},"b":{},"_coverageSchema":"1a1c01bbd47fc00a2c39e90264f33305004495a9","hash":"2a1182ff7edeab6b86908c57963bdd3b85e25f5c"}
,"/media/oclock/src/spe_React/Spe-React-E16-oRecipes-cecileb-oclock/src/reducers/recipes.js": {"path":"/media/oclock/src/spe_React/Spe-React-E16-oRecipes-cecileb-oclock/src/reducers/recipes.js","statementMap":{"0":{"start":{"line":3,"column":28},"end":{"line":5,"column":1}},"1":{"start":{"line":7,"column":16},"end":{"line":18,"column":1}},"2":{"start":{"line":8,"column":2},"end":{"line":17,"column":3}},"3":{"start":{"line":10,"column":6},"end":{"line":13,"column":8}},"4":{"start":{"line":16,"column":6},"end":{"line":16,"column":19}}},"fnMap":{"0":{"name":"(anonymous_0)","decl":{"start":{"line":7,"column":16},"end":{"line":7,"column":17}},"loc":{"start":{"line":7,"column":55},"end":{"line":18,"column":1}},"line":7}},"branchMap":{"0":{"loc":{"start":{"line":7,"column":17},"end":{"line":7,"column":37}},"type":"default-arg","locations":[{"start":{"line":7,"column":25},"end":{"line":7,"column":37}}],"line":7},"1":{"loc":{"start":{"line":7,"column":39},"end":{"line":7,"column":50}},"type":"default-arg","locations":[{"start":{"line":7,"column":48},"end":{"line":7,"column":50}}],"line":7},"2":{"loc":{"start":{"line":8,"column":2},"end":{"line":17,"column":3}},"type":"switch","locations":[{"start":{"line":9,"column":4},"end":{"line":13,"column":8}},{"start":{"line":15,"column":4},"end":{"line":16,"column":19}}],"line":8}},"s":{"0":1,"1":1,"2":2,"3":1,"4":1},"f":{"0":2},"b":{"0":[1],"1":[1],"2":[1,1]},"_coverageSchema":"1a1c01bbd47fc00a2c39e90264f33305004495a9","hash":"aff35f4cd29ab2bac22e63499d7bb1c5856fb4fe"}
,"/media/oclock/src/spe_React/Spe-React-E16-oRecipes-cecileb-oclock/src/selectors/recipes.js": {"path":"/media/oclock/src/spe_React/Spe-React-E16-oRecipes-cecileb-oclock/src/selectors/recipes.js","statementMap":{"0":{"start":{"line":11,"column":17},"end":{"line":13,"column":4}},"1":{"start":{"line":12,"column":4},"end":{"line":12,"column":46}},"2":{"start":{"line":14,"column":2},"end":{"line":14,"column":16}}},"fnMap":{"0":{"name":"findRecipe","decl":{"start":{"line":10,"column":16},"end":{"line":10,"column":26}},"loc":{"start":{"line":10,"column":50},"end":{"line":15,"column":1}},"line":10},"1":{"name":"(anonymous_1)","decl":{"start":{"line":11,"column":30},"end":{"line":11,"column":31}},"loc":{"start":{"line":11,"column":48},"end":{"line":13,"column":3}},"line":11}},"branchMap":{},"s":{"0":0,"1":0,"2":0},"f":{"0":0,"1":0},"b":{},"_coverageSchema":"1a1c01bbd47fc00a2c39e90264f33305004495a9","hash":"2830ceb2d2ae94f148b2d617ccec7ca7650f7d85"}
,"/media/oclock/src/spe_React/Spe-React-E16-oRecipes-cecileb-oclock/src/utils/index.js": {"path":"/media/oclock/src/spe_React/Spe-React-E16-oRecipes-cecileb-oclock/src/utils/index.js","statementMap":{"0":{"start":{"line":5,"column":19},"end":{"line":7,"column":1}},"1":{"start":{"line":6,"column":2},"end":{"line":6,"column":15}}},"fnMap":{"0":{"name":"(anonymous_0)","decl":{"start":{"line":5,"column":19},"end":{"line":5,"column":20}},"loc":{"start":{"line":5,"column":29},"end":{"line":7,"column":1}},"line":5}},"branchMap":{},"s":{"0":1,"1":2},"f":{"0":2},"b":{},"_coverageSchema":"1a1c01bbd47fc00a2c39e90264f33305004495a9","hash":"c5b8a2e430d3c78e1b8d21a1e4ebc7db32ea3fc0"}
,"/media/oclock/src/spe_React/Spe-React-E16-oRecipes-cecileb-oclock/tests/data/recipesArray.js": {"path":"/media/oclock/src/spe_React/Spe-React-E16-oRecipes-cecileb-oclock/tests/data/recipesArray.js","statementMap":{},"fnMap":{},"branchMap":{},"s":{},"f":{},"b":{},"_coverageSchema":"1a1c01bbd47fc00a2c39e90264f33305004495a9","hash":"d39d2d55b581626d09efcbc22a19495544738bbc"}
}
