TN:
SF:src/actions/recipes.js
FN:4,(anonymous_0)
FN:8,(anonymous_1)
FNF:2
FNH:1
FNDA:0,(anonymous_0)
FNDA:1,(anonymous_1)
DA:1,1
DA:2,1
DA:4,1
DA:8,1
LF:4
LH:4
BRF:0
BRH:0
end_of_record
TN:
SF:src/reducers/recipes.js
FN:7,(anonymous_0)
FNF:1
FNH:1
FNDA:2,(anonymous_0)
DA:3,1
DA:7,1
DA:8,2
DA:10,1
DA:16,1
LF:5
LH:5
BRDA:7,0,0,1
BRDA:7,1,0,1
BRDA:8,2,0,1
BRDA:8,2,1,1
BRF:4
BRH:4
end_of_record
TN:
SF:src/selectors/recipes.js
FN:10,findRecipe
FN:11,(anonymous_1)
FNF:2
FNH:0
FNDA:0,findRecipe
FNDA:0,(anonymous_1)
DA:11,0
DA:12,0
DA:14,0
LF:3
LH:0
BRF:0
BRH:0
end_of_record
TN:
SF:src/utils/index.js
FN:5,(anonymous_0)
FNF:1
FNH:1
FNDA:2,(anonymous_0)
DA:5,1
DA:6,2
LF:2
LH:2
BRF:0
BRH:0
end_of_record
TN:
SF:tests/data/recipesArray.js
FNF:0
FNH:0
LF:0
LH:0
BRF:0
BRH:0
end_of_record
